<?xml version="1.0" encoding="UTF-8"?>
<!-- Generated by org.testng.reporters.JUnitReportReporter -->
<testsuite hostname="NiwasKumar" failures="0" tests="5" name="tests.VerifyPositiveScenarioForBookTest" time="3.516" errors="0" timestamp="2025-07-25T02:04:41 IST" skipped="0">
  <testcase classname="tests.VerifyPositiveScenarioForBookTest" name="createBookInCollection" time="0.631"/>
  <testcase classname="tests.VerifyPositiveScenarioForBookTest" name="testGetAllBooks" time="0.623"/>
  <testcase classname="tests.VerifyPositiveScenarioForBookTest" name="updateBookInCollection" time="0.787"/>
  <testcase classname="tests.VerifyPositiveScenarioForBookTest" name="deleteBookFromCollection" time="0.823"/>
  <testcase classname="tests.VerifyPositiveScenarioForBookTest" name="checkIfBookDeleted" time="0.652"/>
</testsuite> <!-- tests.VerifyPositiveScenarioForBookTest -->
