<?xml version="1.0" encoding="UTF-8"?>
<!-- Generated by org.testng.reporters.JUnitReportReporter -->
<testsuite hostname="NiwasKumar" failures="0" tests="3" name="tests.VerifyPositiveScenarioAccountTest" time="4.831" errors="0" timestamp="2025-07-19T14:45:38 IST" skipped="0">
  <testcase classname="tests.VerifyPositiveScenarioAccountTest" name="NewUserCreation" time="2.805"/>
  <testcase classname="tests.VerifyPositiveScenarioAccountTest" name="GenerateNewTokentoAccessUser" time="1.230"/>
  <testcase classname="tests.VerifyPositiveScenarioAccountTest" name="testUserIsCreated" time="0.796"/>
</testsuite> <!-- tests.VerifyPositiveScenarioAccountTest -->
