<?xml version="1.0" encoding="UTF-8"?>
<!-- Generated by org.testng.reporters.JUnitReportReporter -->
<testsuite hostname="NiwasKumar" failures="0" tests="3" name="tests.VerifyPositiveScenarioForUserAccountTest" time="4.420" errors="0" timestamp="2025-07-25T02:04:41 IST" skipped="0">
  <testcase classname="tests.VerifyPositiveScenarioForUserAccountTest" name="NewUserCreation" time="2.166"/>
  <testcase classname="tests.VerifyPositiveScenarioForUserAccountTest" name="GenerateNewTokentoAccessUser" time="1.040"/>
  <testcase classname="tests.VerifyPositiveScenarioForUserAccountTest" name="testUserIsCreated" time="1.214"/>
</testsuite> <!-- tests.VerifyPositiveScenarioForUserAccountTest -->
