<?xml version="1.0" encoding="UTF-8"?>
<!-- Generated by org.testng.reporters.JUnitReportReporter -->
<testsuite hostname="NiwasKumar" failures="0" tests="6" name="tests.VerifyNegativeScenario" time="4.155" errors="0" timestamp="2025-07-24T10:29:05 IST" skipped="0">
  <testcase classname="tests.VerifyNegativeScenario" name="testUserIsCreated" time="0.507"/>
  <testcase classname="tests.VerifyNegativeScenario" name="deleteBookFromCollection" time="0.583"/>
  <testcase classname="tests.VerifyNegativeScenario" name="createBookInCollection" time="0.560"/>
  <testcase classname="tests.VerifyNegativeScenario" name="test_CreateUserWithInvalidPassword" time="0.562"/>
  <testcase classname="tests.VerifyNegativeScenario" name="testGenerateTokenInvalidCredentials" time="1.381"/>
  <testcase classname="tests.VerifyNegativeScenario" name="updateBookInCollection" time="0.562"/>
</testsuite> <!-- tests.VerifyNegativeScenario -->
