<?xml version="1.0" encoding="UTF-8"?>
<!-- Generated by org.testng.reporters.JUnitReportReporter -->
<testsuite hostname="NiwasKumar" failures="0" tests="3" name="tests.VerifyPositiveScenarioForUserAccountTest" time="5.498" errors="0" timestamp="2025-07-25T01:15:13 IST" skipped="0">
  <testcase classname="tests.VerifyPositiveScenarioForUserAccountTest" name="NewUserCreation" time="3.668"/>
  <testcase classname="tests.VerifyPositiveScenarioForUserAccountTest" name="GenerateNewTokentoAccessUser" time="1.120"/>
  <testcase classname="tests.VerifyPositiveScenarioForUserAccountTest" name="testUserIsCreated" time="0.710"/>
</testsuite> <!-- tests.VerifyPositiveScenarioForUserAccountTest -->
