<?xml version="1.0" encoding="UTF-8"?>
<!-- Generated by org.testng.reporters.JUnitReportReporter -->
<testsuite hostname="NiwasKumar" failures="0" tests="5" name="tests.VerifyPositiveScenarioForBookTest" time="3.633" errors="0" timestamp="2025-07-25T01:15:13 IST" skipped="0">
  <testcase classname="tests.VerifyPositiveScenarioForBookTest" name="createBookInCollection" time="0.750"/>
  <testcase classname="tests.VerifyPositiveScenarioForBookTest" name="testGetAllBooks" time="0.640"/>
  <testcase classname="tests.VerifyPositiveScenarioForBookTest" name="updateBookInCollection" time="0.796"/>
  <testcase classname="tests.VerifyPositiveScenarioForBookTest" name="deleteBookFromCollection" time="0.809"/>
  <testcase classname="tests.VerifyPositiveScenarioForBookTest" name="checkIfBookDeleted" time="0.638"/>
</testsuite> <!-- tests.VerifyPositiveScenarioForBookTest -->
